# JRE version: OpenJDK Runtime Environment (8.0_152-b01) (build 1.8.0_152-release-1248-b01)
# Java VM: OpenJDK 64-Bit Server VM (25.152-b01 mixed mode windows-amd64 compressed oops)
Heap:
 PSYoungGen      total 349696K, used 174451K [0x00000000e0000000, 0x0000000100000000, 0x0000000100000000)
  eden space 175104K, 99% used [0x00000000e0000000,0x00000000eaa5cef8,0x00000000eab00000)
  from space 174592K, 0% used [0x00000000eab00000,0x00000000eab00000,0x00000000f5580000)
  to   space 174592K, 0% used [0x00000000f5580000,0x00000000f5580000,0x0000000100000000)
 ParOldGen       total 980480K, used 971924K [0x00000000a0000000, 0x00000000dbd80000, 0x00000000e0000000)
  object space 980480K, 99% used [0x00000000a0000000,0x00000000db525250,0x00000000dbd80000)
 Metaspace       used 97244K, capacity 102336K, committed 105768K, reserved 1140736K
  class space    used 12033K, capacity 12918K, committed 13608K, reserved 1048576K
GC Heap History (10 events):
Event: 16167.875 GC heap before
{Heap before GC invocations=184 (full 57):
 PSYoungGen      total 349696K, used 174319K [0x00000000e0000000, 0x0000000100000000, 0x0000000100000000)
  eden space 175104K, 99% used [0x00000000e0000000,0x00000000eaa3bcb0,0x00000000eab00000)
  from space 174592K, 0% used [0x00000000eab00000,0x00000000eab00000,0x00000000f5580000)
  to   space 174592K, 0% used [0x00000000f5580000,0x00000000f5580000,0x0000000100000000)
 ParOldGen       total 980480K, used 974972K [0x00000000a0000000, 0x00000000dbd80000, 0x00000000e0000000)
  object space 980480K, 99% used [0x00000000a0000000,0x00000000db81f340,0x00000000dbd80000)
 Metaspace       used 98016K, capacity 103684K, committed 105768K, reserved 1140736K
  class space    used 12200K, capacity 13212K, committed 13608K, reserved 1048576K
Event: 16167.982 GC heap after
Heap after GC invocations=184 (full 57):
 PSYoungGen      total 349696K, used 159468K [0x00000000e0000000, 0x0000000100000000, 0x0000000100000000)
  eden space 175104K, 91% used [0x00000000e0000000,0x00000000e9bbb0d0,0x00000000eab00000)
  from space 174592K, 0% used [0x00000000eab00000,0x00000000eab00000,0x00000000f5580000)
  to   space 174592K, 0% used [0x00000000f5580000,0x00000000f5580000,0x0000000100000000)
 ParOldGen       total 980480K, used 974972K [0x00000000a0000000, 0x00000000dbd80000, 0x00000000e0000000)
  object space 980480K, 99% used [0x00000000a0000000,0x00000000db81f340,0x00000000dbd80000)
 Metaspace       used 98016K, capacity 103684K, committed 105768K, reserved 1140736K
  class space    used 12200K, capacity 13212K, committed 13608K, reserved 1048576K
}
Event: 16167.998 GC heap before
{Heap before GC invocations=185 (full 58):
 PSYoungGen      total 349696K, used 168804K [0x00000000e0000000, 0x0000000100000000, 0x0000000100000000)
  eden space 175104K, 96% used [0x00000000e0000000,0x00000000ea4d90d0,0x00000000eab00000)
  from space 174592K, 0% used [0x00000000eab00000,0x00000000eab00000,0x00000000f5580000)
  to   space 174592K, 0% used [0x00000000f5580000,0x00000000f5580000,0x0000000100000000)
 ParOldGen       total 980480K, used 974972K [0x00000000a0000000, 0x00000000dbd80000, 0x00000000e0000000)
  object space 980480K, 99% used [0x00000000a0000000,0x00000000db81f340,0x00000000dbd80000)
 Metaspace       used 98016K, capacity 103684K, committed 105768K, reserved 1140736K
  class space    used 12200K, capacity 13212K, committed 13608K, reserved 1048576K
Event: 16168.108 GC heap after
Heap after GC invocations=185 (full 58):
 PSYoungGen      total 349696K, used 163596K [0x00000000e0000000, 0x0000000100000000, 0x0000000100000000)
  eden space 175104K, 93% used [0x00000000e0000000,0x00000000e9fc30d0,0x00000000eab00000)
  from space 174592K, 0% used [0x00000000eab00000,0x00000000eab00000,0x00000000f5580000)
  to   space 174592K, 0% used [0x00000000f5580000,0x00000000f5580000,0x0000000100000000)
 ParOldGen       total 980480K, used 974972K [0x00000000a0000000, 0x00000000dbd80000, 0x00000000e0000000)
  object space 980480K, 99% used [0x00000000a0000000,0x00000000db81f340,0x00000000dbd80000)
 Metaspace       used 98016K, capacity 103684K, committed 105768K, reserved 1140736K
  class space    used 12200K, capacity 13212K, committed 13608K, reserved 1048576K
}
Event: 16168.119 GC heap before
{Heap before GC invocations=186 (full 59):
 PSYoungGen      total 349696K, used 175104K [0x00000000e0000000, 0x0000000100000000, 0x0000000100000000)
  eden space 175104K, 100% used [0x00000000e0000000,0x00000000eab00000,0x00000000eab00000)
  from space 174592K, 0% used [0x00000000eab00000,0x00000000eab00000,0x00000000f5580000)
  to   space 174592K, 0% used [0x00000000f5580000,0x00000000f5580000,0x0000000100000000)
 ParOldGen       total 980480K, used 974972K [0x00000000a0000000, 0x00000000dbd80000, 0x00000000e0000000)
  object space 980480K, 99% used [0x00000000a0000000,0x00000000db81f340,0x00000000dbd80000)
 Metaspace       used 98016K, capacity 103684K, committed 105768K, reserved 1140736K
  class space    used 12200K, capacity 13212K, committed 13608K, reserved 1048576K
Event: 16168.237 GC heap after
Heap after GC invocations=186 (full 59):
 PSYoungGen      total 349696K, used 169100K [0x00000000e0000000, 0x0000000100000000, 0x0000000100000000)
  eden space 175104K, 96% used [0x00000000e0000000,0x00000000ea523100,0x00000000eab00000)
  from space 174592K, 0% used [0x00000000eab00000,0x00000000eab00000,0x00000000f5580000)
  to   space 174592K, 0% used [0x00000000f5580000,0x00000000f5580000,0x0000000100000000)
 ParOldGen       total 980480K, used 974972K [0x00000000a0000000, 0x00000000dbd80000, 0x00000000e0000000)
  object space 980480K, 99% used [0x00000000a0000000,0x00000000db81f340,0x00000000dbd80000)
 Metaspace       used 98016K, capacity 103684K, committed 105768K, reserved 1140736K
  class space    used 12200K, capacity 13212K, committed 13608K, reserved 1048576K
}
Event: 16168.240 GC heap before
{Heap before GC invocations=187 (full 60):
 PSYoungGen      total 349696K, used 169376K [0x00000000e0000000, 0x0000000100000000, 0x0000000100000000)
  eden space 175104K, 96% used [0x00000000e0000000,0x00000000ea5683a0,0x00000000eab00000)
  from space 174592K, 0% used [0x00000000eab00000,0x00000000eab00000,0x00000000f5580000)
  to   space 174592K, 0% used [0x00000000f5580000,0x00000000f5580000,0x0000000100000000)
 ParOldGen       total 980480K, used 974972K [0x00000000a0000000, 0x00000000dbd80000, 0x00000000e0000000)
  object space 980480K, 99% used [0x00000000a0000000,0x00000000db81f340,0x00000000dbd80000)
 Metaspace       used 98016K, capacity 103684K, committed 105768K, reserved 1140736K
  class space    used 12200K, capacity 13212K, committed 13608K, reserved 1048576K
Event: 16168.358 GC heap after
Heap after GC invocations=187 (full 60):
 PSYoungGen      total 349696K, used 169100K [0x00000000e0000000, 0x0000000100000000, 0x0000000100000000)
  eden space 175104K, 96% used [0x00000000e0000000,0x00000000ea5230e8,0x00000000eab00000)
  from space 174592K, 0% used [0x00000000eab00000,0x00000000eab00000,0x00000000f5580000)
  to   space 174592K, 0% used [0x00000000f5580000,0x00000000f5580000,0x0000000100000000)
 ParOldGen       total 980480K, used 974972K [0x00000000a0000000, 0x00000000dbd80000, 0x00000000e0000000)
  object space 980480K, 99% used [0x00000000a0000000,0x00000000db81f340,0x00000000dbd80000)
 Metaspace       used 98016K, capacity 103684K, committed 105768K, reserved 1140736K
  class space    used 12200K, capacity 13212K, committed 13608K, reserved 1048576K
}
Event: 16168.358 GC heap before
{Heap before GC invocations=188 (full 61):
 PSYoungGen      total 349696K, used 169100K [0x00000000e0000000, 0x0000000100000000, 0x0000000100000000)
  eden space 175104K, 96% used [0x00000000e0000000,0x00000000ea5230e8,0x00000000eab00000)
  from space 174592K, 0% used [0x00000000eab00000,0x00000000eab00000,0x00000000f5580000)
  to   space 174592K, 0% used [0x00000000f5580000,0x00000000f5580000,0x0000000100000000)
 ParOldGen       total 980480K, used 974972K [0x00000000a0000000, 0x00000000dbd80000, 0x00000000e0000000)
  object space 980480K, 99% used [0x00000000a0000000,0x00000000db81f340,0x00000000dbd80000)
 Metaspace       used 98016K, capacity 103684K, committed 105768K, reserved 1140736K
  class space    used 12200K, capacity 13212K, committed 13608K, reserved 1048576K
Event: 16168.673 GC heap after
Heap after GC invocations=188 (full 61):
 PSYoungGen      total 349696K, used 169100K [0x00000000e0000000, 0x0000000100000000, 0x0000000100000000)
  eden space 175104K, 96% used [0x00000000e0000000,0x00000000ea5230e8,0x00000000eab00000)
  from space 174592K, 0% used [0x00000000eab00000,0x00000000eab00000,0x00000000f5580000)
  to   space 174592K, 0% used [0x00000000f5580000,0x00000000f5580000,0x0000000100000000)
 ParOldGen       total 980480K, used 971924K [0x00000000a0000000, 0x00000000dbd80000, 0x00000000e0000000)
  object space 980480K, 99% used [0x00000000a0000000,0x00000000db525250,0x00000000dbd80000)
 Metaspace       used 97168K, capacity 102222K, committed 105768K, reserved 1140736K
  class space    used 12023K, capacity 12899K, committed 13608K, reserved 1048576K
}

